Arguments: 
  C:\Program Files\nodejs\node.exe C:\Program Files (x86)\Yarn\bin\yarn.js add doten mysql

PATH: 
  C:\Program Files (x86)\Common Files\Intel\Shared Libraries\redist\intel64\compiler;C:\Python27\;C:\Python27\Scripts;C:\Program Files (x86)\Razer Chroma SDK\bin;C:\Program Files\Razer Chroma SDK\bin;C:\Program Files (x86)\Intel\Intel(R) Management Engine Components\iCLS\;C:\Program Files\Intel\Intel(R) Management Engine Components\iCLS\;C:\Windows\system32;C:\Windows;C:\Windows\System32\Wbem;C:\Windows\System32\WindowsPowerShell\v1.0\;C:\Windows\System32\OpenSSH\;C:\Program Files (x86)\Intel\Intel(R) Management Engine Components\DAL;C:\Program Files\Intel\Intel(R) Management Engine Components\DAL;C:\Users\Administrator\AppData\Local\Microsoft\WindowsApps;C:\Go\bin;C:\Program Files\Git\cmd;C:\WINDOWS\system32;C:\WINDOWS;C:\WINDOWS\System32\Wbem;C:\WINDOWS\System32\WindowsPowerShell\v1.0\;C:\WINDOWS\System32\OpenSSH\;C:\Program Files\nodejs\;C:\ProgramData\chocolatey\bin;C:\Program Files (x86)\Yarn\bin\;C:\Program Files\PostgreSQL\11\bin;C:\Program Files\PuTTY\;C:\Program Files\dotnet\;C:\Program Files\Amazon\AWSCLI\bin\;C:\ProgramData\ComposerSetup\bin;C:\Users\jgmis\.cargo\bin;C:\Users\jgmis\AppData\Local\Programs\Python\Python37\Scripts\;C:\Users\jgmis\AppData\Local\Programs\Python\Python37\;C:\Users\jgmis\AppData\Local\Microsoft\WindowsApps;C:\Users\jgmis\AppData\Local\Programs\Microsoft VS Code\bin;C:\Users\jgmis\go\bin;C:\Program Files\Docker Toolbox;C:\Users\jgmis\AppData\Roaming\npm;C:\Users\jgmis\AppData\Local\Yarn\bin;C:\Hugo\bin;C:\Program Files\MySQL\MySQL Server 8.0\bin\;C:\PHP7;C:\Users\jgmis\AppData\Roaming\Composer\vendor\bin;C:\Users\jgmis\vendor\bin;

Yarn version: 
  1.17.3

Node version: 
  10.16.0

Platform: 
  win32 x64

Trace: 
  Error: https://registry.yarnpkg.com/doten: Not found
      at Request.params.callback [as _callback] (C:\Program Files (x86)\Yarn\lib\cli.js:65939:18)
      at Request.self.callback (C:\Program Files (x86)\Yarn\lib\cli.js:140464:22)
      at Request.emit (events.js:198:13)
      at Request.<anonymous> (C:\Program Files (x86)\Yarn\lib\cli.js:141436:10)
      at Request.emit (events.js:198:13)
      at IncomingMessage.<anonymous> (C:\Program Files (x86)\Yarn\lib\cli.js:141358:12)
      at Object.onceWrapper (events.js:286:20)
      at IncomingMessage.emit (events.js:203:15)
      at endReadableNT (_stream_readable.js:1129:12)
      at process._tickCallback (internal/process/next_tick.js:63:19)

npm manifest: 
  {
    "name": "sql-to-graphql",
    "version": "1.0.0",
    "description": "Converts sql to graphql",
    "main": "index.js",
    "scripts": {
      "test": "echo \"Error: no test specified\" && exit 1"
    },
    "repository": {
      "type": "git",
      "url": "git+https://github.com/rexxars/sql-to-graphql.git"
    },
    "author": "",
    "license": "ISC",
    "bugs": {
      "url": "https://github.com/rexxars/sql-to-graphql/issues"
    },
    "homepage": "https://github.com/rexxars/sql-to-graphql#readme"
  }

yarn manifest: 
  No manifest

Lockfile: 
  No lockfile
